<?xml version="1.0" encoding="UTF-8"?>
<!-- Generated by org.testng.reporters.JUnitReportReporter -->
<testsuite skipped="0" hostname="Shrinwantis-MacBook-Pro.local" name="test.TestExample" tests="2" failures="0" timestamp="2021-08-05T18:58:56 IST" time="4.925" errors="0">
  <testcase name="checkAttributesValues" time="3.292" classname="test.TestExample"/>
  <system-out/>
  <testcase name="fetchKeyValue" time="1.633" classname="test.TestExample"/>
  <system-out/>
</testsuite> <!-- test.TestExample -->
